2022-09-10 10:46:07,482:INFO:PyCaret Supervised Module
2022-09-10 10:46:07,486:INFO:ML Usecase: classification
2022-09-10 10:46:07,486:INFO:version 2.2.2
2022-09-10 10:46:07,486:INFO:Initializing setup()
2022-09-10 10:46:07,486:INFO:setup(target=Cover_Type, ml_usecase=classification, available_plots={'parameter': 'Hyperparameters', 'auc': 'AUC', 'confusion_matrix': 'Confusion Matrix', 'threshold': 'Threshold', 'pr': 'Precision Recall', 'error': 'Prediction Error', 'class_report': 'Class Report', 'rfe': 'Feature Selection', 'learning': 'Learning Curve', 'manifold': 'Manifold Learning', 'calibration': 'Calibration Curve', 'vc': 'Validation Curve', 'dimension': 'Dimensions', 'feature': 'Feature Importance', 'feature_all': 'Feature Importance (All)', 'boundary': 'Decision Boundary', 'lift': 'Lift Chart', 'gain': 'Gain Chart', 'tree': 'Decision Tree'}, train_size=0.7, test_data=None, preprocess=True, imputation_type=simple, iterative_imputation_iters=5, categorical_features=None, categorical_imputation=constant, categorical_iterative_imputer=lightgbm, ordinal_features=None, high_cardinality_features=None, high_cardinality_method=frequency, numeric_features=None, numeric_imputation=mean, numeric_iterative_imputer=lightgbm, date_features=None, ignore_features=None, normalize=False, normalize_method=zscore, transformation=False, transformation_method=yeo-johnson, handle_unknown_categorical=True, unknown_categorical_method=least_frequent, pca=False, pca_method=linear, pca_components=None, ignore_low_variance=False, combine_rare_levels=False, rare_level_threshold=0.1, bin_numeric_features=None, remove_outliers=False, outliers_threshold=0.05, remove_multicollinearity=False, multicollinearity_threshold=0.9, remove_perfect_collinearity=True, create_clusters=False, cluster_iter=20, polynomial_features=True, polynomial_degree=2, trigonometry_features=False, polynomial_threshold=0.1, group_features=None, group_names=None, feature_selection=False, feature_selection_threshold=0.8, feature_selection_method=classic, feature_interaction=False, feature_ratio=False, interaction_threshold=0.01, fix_imbalance=False, fix_imbalance_method=None, transform_target=False, transform_target_method=box-cox, data_split_shuffle=True, data_split_stratify=False, fold_strategy=stratifiedkfold, fold=10, fold_shuffle=False, fold_groups=None, n_jobs=-1, use_gpu=False, custom_pipeline=None, html=True, session_id=None, log_experiment=False, experiment_name=None, log_plots=False, log_profile=False, log_data=False, silent=True, verbose=True, profile=False, profile_kwargs=None, display=None)
2022-09-10 10:46:07,487:INFO:Checking environment
2022-09-10 10:46:07,487:INFO:python_version: 3.9.12
2022-09-10 10:46:07,487:INFO:python_build: ('main', 'Apr  5 2022 01:53:17')
2022-09-10 10:46:07,487:INFO:machine: x86_64
2022-09-10 10:46:07,487:INFO:platform: macOS-10.16-x86_64-i386-64bit
2022-09-10 10:46:07,488:INFO:Memory: svmem(total=17179869184, available=1077395456, percent=93.7, used=1494556672, free=35692544, active=1037938688, inactive=1036816384, wired=456617984)
2022-09-10 10:46:07,488:INFO:Physical Core: 8
2022-09-10 10:46:07,488:INFO:Logical Core: 8
2022-09-10 10:46:07,488:INFO:Checking libraries
2022-09-10 10:46:07,488:INFO:pd==1.4.2
2022-09-10 10:46:07,488:INFO:numpy==1.21.5
2022-09-10 10:46:07,488:INFO:sklearn==1.1.2
2022-09-10 10:46:07,631:INFO:xgboost==1.6.1
2022-09-10 10:46:07,631:INFO:lightgbm==3.3.2
2022-09-10 10:46:09,444:INFO:catboost==1.0.6
2022-09-10 10:46:10,391:INFO:mlflow==1.28.0
2022-09-10 10:46:10,391:INFO:Checking Exceptions
2022-09-10 10:46:10,391:INFO:Declaring global variables
2022-09-10 10:46:10,391:INFO:USI: 1cbc
2022-09-10 10:46:10,391:INFO:pycaret_globals: {'_all_models_internal', '_gpu_n_jobs_param', 'html_param', 'y', 'target_param', 'fix_imbalance_param', 'X_train', 'X_test', 'create_model_container', 'fold_param', 'exp_name_log', 'iterative_imputation_iters_param', 'gpu_param', 'y_test', 'transform_target_method_param', '_all_models', 'USI', 'data_before_preprocess', 'experiment__', 'transform_target_param', 'n_jobs_param', 'stratify_param', 'fold_shuffle_param', 'seed', '_internal_pipeline', 'log_plots_param', 'X', 'display_container', 'y_train', '_all_metrics', '_ml_usecase', 'logging_param', 'fix_imbalance_method_param', '_available_plots', 'fold_groups_param', 'prep_pipe', 'imputation_classifier', 'imputation_regressor', 'fold_generator', 'pycaret_globals', 'master_model_container'}
2022-09-10 10:46:10,391:INFO:Preparing display monitor
2022-09-10 10:46:10,391:INFO:Preparing display monitor
2022-09-10 10:46:10,400:INFO:Importing libraries
2022-09-10 10:46:10,400:INFO:Copying data for preprocessing
2022-09-10 10:46:10,422:INFO:Declaring preprocessing parameters
2022-09-10 10:46:10,437:INFO:Creating preprocessing pipeline
2022-09-10 10:46:10,669:INFO:Preprocessing pipeline created successfully
2022-09-10 10:46:10,669:ERROR:(Process Exit): setup has been interupted with user command 'quit'. setup must rerun.
2022-09-10 10:46:10,669:INFO:Creating global containers
2022-09-10 10:48:15,218:INFO:PyCaret Supervised Module
2022-09-10 10:48:15,220:INFO:ML Usecase: classification
2022-09-10 10:48:15,220:INFO:version 2.2.2
2022-09-10 10:48:15,220:INFO:Initializing setup()
2022-09-10 10:48:15,220:INFO:setup(target=Cover_Type, ml_usecase=classification, available_plots={'parameter': 'Hyperparameters', 'auc': 'AUC', 'confusion_matrix': 'Confusion Matrix', 'threshold': 'Threshold', 'pr': 'Precision Recall', 'error': 'Prediction Error', 'class_report': 'Class Report', 'rfe': 'Feature Selection', 'learning': 'Learning Curve', 'manifold': 'Manifold Learning', 'calibration': 'Calibration Curve', 'vc': 'Validation Curve', 'dimension': 'Dimensions', 'feature': 'Feature Importance', 'feature_all': 'Feature Importance (All)', 'boundary': 'Decision Boundary', 'lift': 'Lift Chart', 'gain': 'Gain Chart', 'tree': 'Decision Tree'}, train_size=0.7, test_data=None, preprocess=True, imputation_type=simple, iterative_imputation_iters=5, categorical_features=None, categorical_imputation=constant, categorical_iterative_imputer=lightgbm, ordinal_features=None, high_cardinality_features=None, high_cardinality_method=frequency, numeric_features=None, numeric_imputation=mean, numeric_iterative_imputer=lightgbm, date_features=None, ignore_features=None, normalize=False, normalize_method=zscore, transformation=False, transformation_method=yeo-johnson, handle_unknown_categorical=True, unknown_categorical_method=least_frequent, pca=False, pca_method=linear, pca_components=None, ignore_low_variance=False, combine_rare_levels=False, rare_level_threshold=0.1, bin_numeric_features=None, remove_outliers=False, outliers_threshold=0.05, remove_multicollinearity=False, multicollinearity_threshold=0.9, remove_perfect_collinearity=True, create_clusters=False, cluster_iter=20, polynomial_features=True, polynomial_degree=2, trigonometry_features=False, polynomial_threshold=0.1, group_features=None, group_names=None, feature_selection=False, feature_selection_threshold=0.8, feature_selection_method=classic, feature_interaction=False, feature_ratio=False, interaction_threshold=0.01, fix_imbalance=False, fix_imbalance_method=None, transform_target=False, transform_target_method=box-cox, data_split_shuffle=True, data_split_stratify=False, fold_strategy=stratifiedkfold, fold=10, fold_shuffle=True, fold_groups=None, n_jobs=-1, use_gpu=False, custom_pipeline=None, html=True, session_id=None, log_experiment=False, experiment_name=None, log_plots=False, log_profile=False, log_data=False, silent=True, verbose=True, profile=False, profile_kwargs=None, display=None)
2022-09-10 10:48:15,220:INFO:Checking environment
2022-09-10 10:48:15,220:INFO:python_version: 3.9.12
2022-09-10 10:48:15,220:INFO:python_build: ('main', 'Apr  5 2022 01:53:17')
2022-09-10 10:48:15,221:INFO:machine: x86_64
2022-09-10 10:48:15,221:INFO:platform: macOS-10.16-x86_64-i386-64bit
2022-09-10 10:48:15,221:INFO:Memory: svmem(total=17179869184, available=1059221504, percent=93.8, used=1501249536, free=41132032, active=1026347008, inactive=1011351552, wired=474902528)
2022-09-10 10:48:15,221:INFO:Physical Core: 8
2022-09-10 10:48:15,221:INFO:Logical Core: 8
2022-09-10 10:48:15,221:INFO:Checking libraries
2022-09-10 10:48:15,221:INFO:pd==1.4.2
2022-09-10 10:48:15,221:INFO:numpy==1.21.5
2022-09-10 10:48:15,221:INFO:sklearn==1.1.2
2022-09-10 10:48:15,222:INFO:xgboost==1.6.1
2022-09-10 10:48:15,222:INFO:lightgbm==3.3.2
2022-09-10 10:48:15,222:INFO:catboost==1.0.6
2022-09-10 10:48:15,222:INFO:mlflow==1.28.0
2022-09-10 10:48:15,222:INFO:Checking Exceptions
2022-09-10 10:48:15,222:INFO:Declaring global variables
2022-09-10 10:48:15,222:INFO:USI: 77d7
2022-09-10 10:48:15,222:INFO:pycaret_globals: {'_all_models_internal', '_gpu_n_jobs_param', 'html_param', 'y', 'target_param', 'fix_imbalance_param', 'X_train', 'X_test', 'create_model_container', 'fold_param', 'exp_name_log', 'iterative_imputation_iters_param', 'gpu_param', 'y_test', 'transform_target_method_param', '_all_models', 'USI', 'data_before_preprocess', 'experiment__', 'transform_target_param', 'n_jobs_param', 'stratify_param', 'fold_shuffle_param', 'seed', '_internal_pipeline', 'log_plots_param', 'X', 'display_container', 'y_train', '_all_metrics', '_ml_usecase', 'logging_param', 'fix_imbalance_method_param', '_available_plots', 'fold_groups_param', 'prep_pipe', 'imputation_classifier', 'imputation_regressor', 'fold_generator', 'pycaret_globals', 'master_model_container'}
2022-09-10 10:48:15,222:INFO:Preparing display monitor
2022-09-10 10:48:15,223:INFO:Preparing display monitor
2022-09-10 10:48:15,239:INFO:Importing libraries
2022-09-10 10:48:15,239:INFO:Copying data for preprocessing
2022-09-10 10:48:15,251:INFO:Declaring preprocessing parameters
2022-09-10 10:48:15,262:INFO:Creating preprocessing pipeline
2022-09-10 10:48:15,491:INFO:Preprocessing pipeline created successfully
2022-09-10 10:48:15,491:ERROR:(Process Exit): setup has been interupted with user command 'quit'. setup must rerun.
2022-09-10 10:48:15,491:INFO:Creating global containers
2022-09-10 10:48:15,492:INFO:Internal pipeline: Pipeline(memory=None, steps=[('empty_step', 'passthrough')], verbose=False)
2022-09-10 10:50:03,430:INFO:PyCaret Supervised Module
2022-09-10 10:50:03,430:INFO:ML Usecase: classification
2022-09-10 10:50:03,431:INFO:version 2.2.2
2022-09-10 10:50:03,431:INFO:Initializing setup()
2022-09-10 10:50:03,431:INFO:setup(target=Cover_Type, ml_usecase=classification, available_plots={'parameter': 'Hyperparameters', 'auc': 'AUC', 'confusion_matrix': 'Confusion Matrix', 'threshold': 'Threshold', 'pr': 'Precision Recall', 'error': 'Prediction Error', 'class_report': 'Class Report', 'rfe': 'Feature Selection', 'learning': 'Learning Curve', 'manifold': 'Manifold Learning', 'calibration': 'Calibration Curve', 'vc': 'Validation Curve', 'dimension': 'Dimensions', 'feature': 'Feature Importance', 'feature_all': 'Feature Importance (All)', 'boundary': 'Decision Boundary', 'lift': 'Lift Chart', 'gain': 'Gain Chart', 'tree': 'Decision Tree'}, train_size=0.7, test_data=None, preprocess=True, imputation_type=simple, iterative_imputation_iters=5, categorical_features=None, categorical_imputation=constant, categorical_iterative_imputer=lightgbm, ordinal_features=None, high_cardinality_features=None, high_cardinality_method=frequency, numeric_features=None, numeric_imputation=mean, numeric_iterative_imputer=lightgbm, date_features=None, ignore_features=None, normalize=False, normalize_method=zscore, transformation=False, transformation_method=yeo-johnson, handle_unknown_categorical=True, unknown_categorical_method=least_frequent, pca=False, pca_method=linear, pca_components=None, ignore_low_variance=False, combine_rare_levels=False, rare_level_threshold=0.1, bin_numeric_features=None, remove_outliers=False, outliers_threshold=0.05, remove_multicollinearity=False, multicollinearity_threshold=0.9, remove_perfect_collinearity=True, create_clusters=False, cluster_iter=20, polynomial_features=True, polynomial_degree=2, trigonometry_features=False, polynomial_threshold=0.1, group_features=None, group_names=None, feature_selection=False, feature_selection_threshold=0.8, feature_selection_method=classic, feature_interaction=False, feature_ratio=False, interaction_threshold=0.01, fix_imbalance=False, fix_imbalance_method=None, transform_target=False, transform_target_method=box-cox, data_split_shuffle=True, data_split_stratify=False, fold_strategy=stratifiedkfold, fold=10, fold_shuffle=True, fold_groups=None, n_jobs=-1, use_gpu=False, custom_pipeline=None, html=True, session_id=None, log_experiment=False, experiment_name=None, log_plots=False, log_profile=False, log_data=False, silent=True, verbose=True, profile=False, profile_kwargs=None, display=None)
2022-09-10 10:50:03,431:INFO:Checking environment
2022-09-10 10:50:03,431:INFO:python_version: 3.9.12
2022-09-10 10:50:03,431:INFO:python_build: ('main', 'Apr  5 2022 01:53:17')
2022-09-10 10:50:03,431:INFO:machine: x86_64
2022-09-10 10:50:03,431:INFO:platform: macOS-10.16-x86_64-i386-64bit
2022-09-10 10:50:03,431:INFO:Memory: svmem(total=17179869184, available=1188102144, percent=93.1, used=1437970432, free=226390016, active=971272192, inactive=923754496, wired=466698240)
2022-09-10 10:50:03,431:INFO:Physical Core: 8
2022-09-10 10:50:03,431:INFO:Logical Core: 8
2022-09-10 10:50:03,431:INFO:Checking libraries
2022-09-10 10:50:03,431:INFO:pd==1.4.2
2022-09-10 10:50:03,431:INFO:numpy==1.21.5
2022-09-10 10:50:03,431:INFO:sklearn==1.1.2
2022-09-10 10:50:03,444:INFO:xgboost==1.6.1
2022-09-10 10:50:03,444:INFO:lightgbm==3.3.2
2022-09-10 10:50:03,457:INFO:catboost==1.0.6
2022-09-10 10:50:03,691:INFO:mlflow==1.28.0
2022-09-10 10:50:03,691:INFO:Checking Exceptions
2022-09-10 10:50:03,691:INFO:Declaring global variables
2022-09-10 10:50:03,691:INFO:USI: 0acd
2022-09-10 10:50:03,691:INFO:pycaret_globals: {'y_test', 'transform_target_param', '_ml_usecase', 'transform_target_method_param', 'X_test', 'target_param', 'fold_param', 'fold_generator', '_gpu_n_jobs_param', '_all_models', 'fix_imbalance_param', '_all_models_internal', 'master_model_container', 'stratify_param', 'X', 'experiment__', 'html_param', '_available_plots', 'imputation_classifier', 'y', 'iterative_imputation_iters_param', 'prep_pipe', 'USI', 'pycaret_globals', 'fold_groups_param', 'display_container', '_all_metrics', 'gpu_param', 'imputation_regressor', 'X_train', 'data_before_preprocess', 'y_train', 'fix_imbalance_method_param', 'n_jobs_param', 'fold_shuffle_param', '_internal_pipeline', 'seed', 'log_plots_param', 'logging_param', 'exp_name_log', 'create_model_container'}
2022-09-10 10:50:03,691:INFO:Preparing display monitor
2022-09-10 10:50:03,691:INFO:Preparing display monitor
2022-09-10 10:50:03,697:INFO:Importing libraries
2022-09-10 10:50:03,698:INFO:Copying data for preprocessing
2022-09-10 10:50:03,704:INFO:Declaring preprocessing parameters
2022-09-10 10:50:03,708:INFO:Creating preprocessing pipeline
2022-09-10 10:50:03,766:INFO:Preprocessing pipeline created successfully
2022-09-10 10:50:03,766:ERROR:(Process Exit): setup has been interupted with user command 'quit'. setup must rerun.
2022-09-10 10:50:03,766:INFO:Creating global containers
2022-09-10 10:50:03,768:INFO:Internal pipeline: Pipeline(memory=None, steps=[('empty_step', 'passthrough')], verbose=False)
2022-09-10 10:55:18,762:INFO:PyCaret Supervised Module
2022-09-10 10:55:18,763:INFO:ML Usecase: classification
2022-09-10 10:55:18,763:INFO:version 2.2.2
2022-09-10 10:55:18,763:INFO:Initializing setup()
2022-09-10 10:55:18,763:INFO:setup(target=Cover_Type, ml_usecase=classification, available_plots={'parameter': 'Hyperparameters', 'auc': 'AUC', 'confusion_matrix': 'Confusion Matrix', 'threshold': 'Threshold', 'pr': 'Precision Recall', 'error': 'Prediction Error', 'class_report': 'Class Report', 'rfe': 'Feature Selection', 'learning': 'Learning Curve', 'manifold': 'Manifold Learning', 'calibration': 'Calibration Curve', 'vc': 'Validation Curve', 'dimension': 'Dimensions', 'feature': 'Feature Importance', 'feature_all': 'Feature Importance (All)', 'boundary': 'Decision Boundary', 'lift': 'Lift Chart', 'gain': 'Gain Chart', 'tree': 'Decision Tree'}, train_size=0.7, test_data=None, preprocess=True, imputation_type=simple, iterative_imputation_iters=5, categorical_features=None, categorical_imputation=constant, categorical_iterative_imputer=lightgbm, ordinal_features=None, high_cardinality_features=None, high_cardinality_method=frequency, numeric_features=None, numeric_imputation=mean, numeric_iterative_imputer=lightgbm, date_features=None, ignore_features=None, normalize=False, normalize_method=zscore, transformation=False, transformation_method=yeo-johnson, handle_unknown_categorical=True, unknown_categorical_method=least_frequent, pca=False, pca_method=linear, pca_components=None, ignore_low_variance=False, combine_rare_levels=False, rare_level_threshold=0.1, bin_numeric_features=None, remove_outliers=False, outliers_threshold=0.05, remove_multicollinearity=False, multicollinearity_threshold=0.9, remove_perfect_collinearity=True, create_clusters=False, cluster_iter=20, polynomial_features=True, polynomial_degree=2, trigonometry_features=False, polynomial_threshold=0.1, group_features=None, group_names=None, feature_selection=False, feature_selection_threshold=0.8, feature_selection_method=classic, feature_interaction=False, feature_ratio=False, interaction_threshold=0.01, fix_imbalance=False, fix_imbalance_method=None, transform_target=False, transform_target_method=box-cox, data_split_shuffle=True, data_split_stratify=False, fold_strategy=stratifiedkfold, fold=10, fold_shuffle=True, fold_groups=None, n_jobs=-1, use_gpu=False, custom_pipeline=None, html=True, session_id=None, log_experiment=False, experiment_name=None, log_plots=False, log_profile=False, log_data=False, silent=True, verbose=True, profile=False, profile_kwargs=None, display=None)
2022-09-10 10:55:18,763:INFO:Checking environment
2022-09-10 10:55:18,763:INFO:python_version: 3.9.12
2022-09-10 10:55:18,763:INFO:python_build: ('main', 'Apr  5 2022 01:53:17')
2022-09-10 10:55:18,763:INFO:machine: x86_64
2022-09-10 10:55:18,763:INFO:platform: macOS-10.16-x86_64-i386-64bit
2022-09-10 10:55:18,763:INFO:Memory: svmem(total=17179869184, available=1198342144, percent=93.0, used=1646514176, free=14647296, active=1188601856, inactive=1175138304, wired=457912320)
2022-09-10 10:55:18,763:INFO:Physical Core: 8
2022-09-10 10:55:18,763:INFO:Logical Core: 8
2022-09-10 10:55:18,763:INFO:Checking libraries
2022-09-10 10:55:18,763:INFO:pd==1.4.2
2022-09-10 10:55:18,763:INFO:numpy==1.21.5
2022-09-10 10:55:18,763:INFO:sklearn==1.1.2
2022-09-10 10:55:18,796:INFO:xgboost==1.6.1
2022-09-10 10:55:18,796:INFO:lightgbm==3.3.2
2022-09-10 10:55:18,899:INFO:catboost==1.0.6
2022-09-10 10:55:19,197:INFO:mlflow==1.28.0
2022-09-10 10:55:19,197:INFO:Checking Exceptions
2022-09-10 10:55:19,197:INFO:Declaring global variables
2022-09-10 10:55:19,197:INFO:USI: 7c08
2022-09-10 10:55:19,197:INFO:pycaret_globals: {'experiment__', '_all_models_internal', 'exp_name_log', 'y_test', 'html_param', 'fix_imbalance_method_param', 'iterative_imputation_iters_param', 'n_jobs_param', 'imputation_regressor', 'target_param', 'seed', 'fold_shuffle_param', 'stratify_param', 'y', 'pycaret_globals', 'transform_target_method_param', 'fold_generator', '_ml_usecase', '_available_plots', 'data_before_preprocess', 'imputation_classifier', 'transform_target_param', 'prep_pipe', 'log_plots_param', 'USI', '_gpu_n_jobs_param', '_internal_pipeline', '_all_metrics', 'fix_imbalance_param', 'X_train', 'create_model_container', 'X_test', 'X', 'fold_groups_param', 'logging_param', 'master_model_container', 'y_train', 'gpu_param', '_all_models', 'fold_param', 'display_container'}
2022-09-10 10:55:19,197:INFO:Preparing display monitor
2022-09-10 10:55:19,197:INFO:Preparing display monitor
2022-09-10 10:55:19,206:INFO:Importing libraries
2022-09-10 10:55:19,206:INFO:Copying data for preprocessing
2022-09-10 10:55:19,214:INFO:Declaring preprocessing parameters
2022-09-10 10:55:19,222:INFO:Creating preprocessing pipeline
2022-09-10 10:55:19,289:INFO:Preprocessing pipeline created successfully
2022-09-10 10:55:19,289:ERROR:(Process Exit): setup has been interupted with user command 'quit'. setup must rerun.
2022-09-10 10:55:19,290:INFO:Creating global containers
2022-09-10 10:55:19,290:INFO:Internal pipeline: Pipeline(memory=None, steps=[('empty_step', 'passthrough')], verbose=False)
2022-09-10 11:07:18,751:INFO:PyCaret Supervised Module
2022-09-10 11:07:18,751:INFO:ML Usecase: classification
2022-09-10 11:07:18,751:INFO:version 2.2.2
2022-09-10 11:07:18,751:INFO:Initializing setup()
2022-09-10 11:07:18,751:INFO:setup(target=Cover_Type, ml_usecase=classification, available_plots={'parameter': 'Hyperparameters', 'auc': 'AUC', 'confusion_matrix': 'Confusion Matrix', 'threshold': 'Threshold', 'pr': 'Precision Recall', 'error': 'Prediction Error', 'class_report': 'Class Report', 'rfe': 'Feature Selection', 'learning': 'Learning Curve', 'manifold': 'Manifold Learning', 'calibration': 'Calibration Curve', 'vc': 'Validation Curve', 'dimension': 'Dimensions', 'feature': 'Feature Importance', 'feature_all': 'Feature Importance (All)', 'boundary': 'Decision Boundary', 'lift': 'Lift Chart', 'gain': 'Gain Chart', 'tree': 'Decision Tree'}, train_size=0.7, test_data=None, preprocess=True, imputation_type=simple, iterative_imputation_iters=5, categorical_features=None, categorical_imputation=constant, categorical_iterative_imputer=lightgbm, ordinal_features=None, high_cardinality_features=None, high_cardinality_method=frequency, numeric_features=None, numeric_imputation=mean, numeric_iterative_imputer=lightgbm, date_features=None, ignore_features=None, normalize=False, normalize_method=zscore, transformation=False, transformation_method=yeo-johnson, handle_unknown_categorical=True, unknown_categorical_method=least_frequent, pca=False, pca_method=linear, pca_components=None, ignore_low_variance=False, combine_rare_levels=False, rare_level_threshold=0.1, bin_numeric_features=None, remove_outliers=False, outliers_threshold=0.05, remove_multicollinearity=False, multicollinearity_threshold=0.9, remove_perfect_collinearity=True, create_clusters=False, cluster_iter=20, polynomial_features=True, polynomial_degree=2, trigonometry_features=False, polynomial_threshold=0.1, group_features=None, group_names=None, feature_selection=False, feature_selection_threshold=0.8, feature_selection_method=classic, feature_interaction=False, feature_ratio=False, interaction_threshold=0.01, fix_imbalance=False, fix_imbalance_method=None, transform_target=False, transform_target_method=box-cox, data_split_shuffle=True, data_split_stratify=False, fold_strategy=stratifiedkfold, fold=10, fold_shuffle=True, fold_groups=None, n_jobs=-1, use_gpu=False, custom_pipeline=None, html=True, session_id=None, log_experiment=False, experiment_name=None, log_plots=False, log_profile=False, log_data=False, silent=True, verbose=True, profile=False, profile_kwargs=None, display=None)
2022-09-10 11:07:18,751:INFO:Checking environment
2022-09-10 11:07:18,751:INFO:python_version: 3.9.12
2022-09-10 11:07:18,751:INFO:python_build: ('main', 'Apr  5 2022 01:53:17')
2022-09-10 11:07:18,751:INFO:machine: x86_64
2022-09-10 11:07:18,751:INFO:platform: macOS-10.16-x86_64-i386-64bit
2022-09-10 11:07:18,751:INFO:Memory: svmem(total=17179869184, available=1219846144, percent=92.9, used=1665171456, free=16035840, active=1210843136, inactive=1185628160, wired=454328320)
2022-09-10 11:07:18,751:INFO:Physical Core: 8
2022-09-10 11:07:18,751:INFO:Logical Core: 8
2022-09-10 11:07:18,751:INFO:Checking libraries
2022-09-10 11:07:18,751:INFO:pd==1.4.2
2022-09-10 11:07:18,751:INFO:numpy==1.21.5
2022-09-10 11:07:18,751:INFO:sklearn==1.1.2
2022-09-10 11:07:18,775:INFO:xgboost==1.6.1
2022-09-10 11:07:18,775:INFO:lightgbm==3.3.2
2022-09-10 11:07:18,829:INFO:catboost==1.0.6
2022-09-10 11:07:19,133:INFO:mlflow==1.28.0
2022-09-10 11:07:19,133:INFO:Checking Exceptions
2022-09-10 11:07:19,133:INFO:Declaring global variables
2022-09-10 11:07:19,133:INFO:USI: 2a16
2022-09-10 11:07:19,133:INFO:pycaret_globals: {'_all_metrics', 'logging_param', 'y', 'fold_generator', 'fold_shuffle_param', '_ml_usecase', 'html_param', 'pycaret_globals', 'USI', '_available_plots', 'target_param', 'exp_name_log', 'transform_target_method_param', 'transform_target_param', 'create_model_container', 'gpu_param', 'experiment__', 'imputation_regressor', 'seed', 'fold_groups_param', 'X', 'stratify_param', 'y_train', 'fix_imbalance_param', 'X_train', 'log_plots_param', 'master_model_container', 'display_container', 'fix_imbalance_method_param', 'fold_param', '_all_models', '_internal_pipeline', '_gpu_n_jobs_param', 'data_before_preprocess', 'imputation_classifier', 'n_jobs_param', 'y_test', 'X_test', '_all_models_internal', 'prep_pipe', 'iterative_imputation_iters_param'}
2022-09-10 11:07:19,133:INFO:Preparing display monitor
2022-09-10 11:07:19,133:INFO:Preparing display monitor
2022-09-10 11:07:19,142:INFO:Importing libraries
2022-09-10 11:07:19,142:INFO:Copying data for preprocessing
2022-09-10 11:07:19,148:INFO:Declaring preprocessing parameters
2022-09-10 11:07:19,156:INFO:Creating preprocessing pipeline
2022-09-10 11:07:19,227:INFO:Preprocessing pipeline created successfully
2022-09-10 11:07:19,228:ERROR:(Process Exit): setup has been interupted with user command 'quit'. setup must rerun.
2022-09-10 11:07:19,228:INFO:Creating global containers
2022-09-10 11:07:19,228:INFO:Internal pipeline: Pipeline(memory=None, steps=[('empty_step', 'passthrough')], verbose=False)
